<?xml version="1.0" encoding="UTF-8"?>
<testng-results skipped="1" failed="0" ignored="0" total="3" passed="2">
  <reporter-output>
  </reporter-output>
  <suite name="Sample test Suite" duration-ms="80443" started-at="2020-03-23T18:03:18 IST" finished-at="2020-03-23T18:04:39 IST">
    <groups>
    </groups>
    <test name="Sample test" duration-ms="80443" started-at="2020-03-23T18:03:18 IST" finished-at="2020-03-23T18:04:39 IST">
      <class name="com.training.sanity.tests.RealEstate_NewLaunch_QueryForm_Test_Complex_RETC_072">
        <test-method status="PASS" signature="setUpBeforeClass()[pri:0, instance:com.training.sanity.tests.RealEstate_NewLaunch_QueryForm_Test_Complex_RETC_072@22a67b4]" name="setUpBeforeClass" is-config="true" duration-ms="15" started-at="2020-03-23T18:03:18 IST" finished-at="2020-03-23T18:03:18 IST">
          <reporter-output>
          </reporter-output>
        </test-method> <!-- setUpBeforeClass -->
        <test-method status="PASS" signature="setUp()[pri:0, instance:com.training.sanity.tests.RealEstate_NewLaunch_QueryForm_Test_Complex_RETC_072@22a67b4]" name="setUp" is-config="true" duration-ms="25032" started-at="2020-03-23T18:03:18 IST" finished-at="2020-03-23T18:03:44 IST">
          <reporter-output>
          </reporter-output>
        </test-method> <!-- setUp -->
        <test-method status="PASS" signature="validLoginTest(java.lang.String, java.lang.String, java.lang.String, java.lang.String)[pri:0, instance:com.training.sanity.tests.RealEstate_NewLaunch_QueryForm_Test_Complex_RETC_072@22a67b4]" name="validLoginTest" duration-ms="6113" started-at="2020-03-23T18:03:44 IST" data-provider="form_inputs_neg" finished-at="2020-03-23T18:03:50 IST">
          <params>
            <param index="0">
              <value>
                <![CDATA[manzoor mehadi]]>
              </value>
            </param>
            <param index="1">
              <value>
                <![CDATA[]]>
              </value>
            </param>
            <param index="2">
              <value>
                <![CDATA[apartments]]>
              </value>
            </param>
            <param index="3">
              <value>
                <![CDATA[looking for an apartments]]>
              </value>
            </param>
          </params>
          <reporter-output>
          </reporter-output>
        </test-method> <!-- validLoginTest -->
        <test-method status="PASS" signature="tearDown()[pri:0, instance:com.training.sanity.tests.RealEstate_NewLaunch_QueryForm_Test_Complex_RETC_072@22a67b4]" name="tearDown" is-config="true" duration-ms="1001" started-at="2020-03-23T18:03:50 IST" finished-at="2020-03-23T18:03:51 IST">
          <reporter-output>
          </reporter-output>
        </test-method> <!-- tearDown -->
        <test-method status="PASS" signature="setUp()[pri:0, instance:com.training.sanity.tests.RealEstate_NewLaunch_QueryForm_Test_Complex_RETC_072@22a67b4]" name="setUp" is-config="true" duration-ms="24242" started-at="2020-03-23T18:03:51 IST" finished-at="2020-03-23T18:04:15 IST">
          <reporter-output>
          </reporter-output>
        </test-method> <!-- setUp -->
        <test-method status="PASS" signature="validLoginTest(java.lang.String, java.lang.String, java.lang.String, java.lang.String)[pri:0, instance:com.training.sanity.tests.RealEstate_NewLaunch_QueryForm_Test_Complex_RETC_072@22a67b4]" name="validLoginTest" duration-ms="6855" started-at="2020-03-23T18:04:15 IST" data-provider="form_inputs_neg" finished-at="2020-03-23T18:04:22 IST">
          <params>
            <param index="0">
              <value>
                <![CDATA[]]>
              </value>
            </param>
            <param index="1">
              <value>
                <![CDATA[alex@gmail.com]]>
              </value>
            </param>
            <param index="2">
              <value>
                <![CDATA[Plots]]>
              </value>
            </param>
            <param index="3">
              <value>
                <![CDATA[looking for an plots]]>
              </value>
            </param>
          </params>
          <reporter-output>
          </reporter-output>
        </test-method> <!-- validLoginTest -->
        <test-method status="PASS" signature="tearDown()[pri:0, instance:com.training.sanity.tests.RealEstate_NewLaunch_QueryForm_Test_Complex_RETC_072@22a67b4]" name="tearDown" is-config="true" duration-ms="1001" started-at="2020-03-23T18:04:22 IST" finished-at="2020-03-23T18:04:23 IST">
          <reporter-output>
          </reporter-output>
        </test-method> <!-- tearDown -->
        <test-method status="FAIL" signature="setUp()[pri:0, instance:com.training.sanity.tests.RealEstate_NewLaunch_QueryForm_Test_Complex_RETC_072@22a67b4]" name="setUp" is-config="true" duration-ms="15970" started-at="2020-03-23T18:04:23 IST" finished-at="2020-03-23T18:04:39 IST">
          <exception class="org.openqa.selenium.SessionNotCreatedException">
            <message>
              <![CDATA[session not created
from chrome not reachable
  (Session info: chrome=80.0.3987.149)
Build info: version: '3.6.0', revision: '6fbf3ec767', time: '2017-09-27T15:28:36.4Z'
System info: host: 'DESKTOP-1P6NBCG', ip: '9.85.125.44', os.name: 'Windows 10', os.arch: 'amd64', os.version: '10.0', java.version: '1.8.0_191'
Driver info: driver.version: ChromeDriver
remote stacktrace: Backtrace:
Ordinal0 [0x01160C83+1707139]
Ordinal0 [0x010C68F1+1075441]
Ordinal0 [0x0103DE72+515698]
Ordinal0 [0x01037CA8+490664]
Ordinal0 [0x0103839B+492443]
Ordinal0 [0x010392F5+496373]
Ordinal0 [0x01034F05+478981]
Ordinal0 [0x0103ECA0+519328]
Ordinal0 [0x00FECA67+182887]
Ordinal0 [0x00FEBDDD+179677]
Ordinal0 [0x00FE9D4B+171339]
Ordinal0 [0x00FD1D4A+73034]
Ordinal0 [0x00FD2DC0+77248]
Ordinal0 [0x00FD2D59+77145]
Ordinal0 [0x010DBB67+1162087]
GetHandleVerifier [0x011FA966+508998]
GetHandleVerifier [0x011FA6A4+508292]
GetHandleVerifier [0x0120F7B7+594583]
GetHandleVerifier [0x011FB1D6+511158]
Ordinal0 [0x010D402C+1130540]
Ordinal0 [0x010DD4CB+1168587]
Ordinal0 [0x010DD633+1168947]
Ordinal0 [0x010F5B35+1268533]
BaseThreadInitThunk [0x773C6359+25]
RtlGetAppContainerNamedObjectPath [0x77967B74+228]
RtlGetAppContainerNamedObjectPath [0x77967B44+180]
]]>
            </message>
            <full-stacktrace>
              <![CDATA[org.openqa.selenium.SessionNotCreatedException: session not created
from chrome not reachable
  (Session info: chrome=80.0.3987.149)
Build info: version: '3.6.0', revision: '6fbf3ec767', time: '2017-09-27T15:28:36.4Z'
System info: host: 'DESKTOP-1P6NBCG', ip: '9.85.125.44', os.name: 'Windows 10', os.arch: 'amd64', os.version: '10.0', java.version: '1.8.0_191'
Driver info: driver.version: ChromeDriver
remote stacktrace: Backtrace:
Ordinal0 [0x01160C83+1707139]
Ordinal0 [0x010C68F1+1075441]
Ordinal0 [0x0103DE72+515698]
Ordinal0 [0x01037CA8+490664]
Ordinal0 [0x0103839B+492443]
Ordinal0 [0x010392F5+496373]
Ordinal0 [0x01034F05+478981]
Ordinal0 [0x0103ECA0+519328]
Ordinal0 [0x00FECA67+182887]
Ordinal0 [0x00FEBDDD+179677]
Ordinal0 [0x00FE9D4B+171339]
Ordinal0 [0x00FD1D4A+73034]
Ordinal0 [0x00FD2DC0+77248]
Ordinal0 [0x00FD2D59+77145]
Ordinal0 [0x010DBB67+1162087]
GetHandleVerifier [0x011FA966+508998]
GetHandleVerifier [0x011FA6A4+508292]
GetHandleVerifier [0x0120F7B7+594583]
GetHandleVerifier [0x011FB1D6+511158]
Ordinal0 [0x010D402C+1130540]
Ordinal0 [0x010DD4CB+1168587]
Ordinal0 [0x010DD633+1168947]
Ordinal0 [0x010F5B35+1268533]
BaseThreadInitThunk [0x773C6359+25]
RtlGetAppContainerNamedObjectPath [0x77967B74+228]
RtlGetAppContainerNamedObjectPath [0x77967B44+180]

at sun.reflect.NativeConstructorAccessorImpl.newInstance0(Native Method)
at sun.reflect.NativeConstructorAccessorImpl.newInstance(Unknown Source)
at sun.reflect.DelegatingConstructorAccessorImpl.newInstance(Unknown Source)
at java.lang.reflect.Constructor.newInstance(Unknown Source)
at org.openqa.selenium.remote.W3CHandshakeResponse.lambda$new$0(W3CHandshakeResponse.java:57)
at org.openqa.selenium.remote.W3CHandshakeResponse.lambda$getResponseFunction$2(W3CHandshakeResponse.java:104)
at org.openqa.selenium.remote.ProtocolHandshake.lambda$createSession$24(ProtocolHandshake.java:359)
at java.util.stream.ReferencePipeline$3$1.accept(Unknown Source)
at java.util.Spliterators$ArraySpliterator.tryAdvance(Unknown Source)
at java.util.stream.ReferencePipeline.forEachWithCancel(Unknown Source)
at java.util.stream.AbstractPipeline.copyIntoWithCancel(Unknown Source)
at java.util.stream.AbstractPipeline.copyInto(Unknown Source)
at java.util.stream.AbstractPipeline.wrapAndCopyInto(Unknown Source)
at java.util.stream.FindOps$FindOp.evaluateSequential(Unknown Source)
at java.util.stream.AbstractPipeline.evaluate(Unknown Source)
at java.util.stream.ReferencePipeline.findFirst(Unknown Source)
at org.openqa.selenium.remote.ProtocolHandshake.createSession(ProtocolHandshake.java:362)
at org.openqa.selenium.remote.ProtocolHandshake.createSession(ProtocolHandshake.java:136)
at org.openqa.selenium.remote.HttpCommandExecutor.execute(HttpCommandExecutor.java:142)
at org.openqa.selenium.remote.service.DriverCommandExecutor.execute(DriverCommandExecutor.java:83)
at org.openqa.selenium.remote.RemoteWebDriver.execute(RemoteWebDriver.java:586)
at org.openqa.selenium.remote.RemoteWebDriver.startSession(RemoteWebDriver.java:217)
at org.openqa.selenium.remote.RemoteWebDriver.<init>(RemoteWebDriver.java:140)
at org.openqa.selenium.chrome.ChromeDriver.<init>(ChromeDriver.java:181)
at org.openqa.selenium.chrome.ChromeDriver.<init>(ChromeDriver.java:168)
at org.openqa.selenium.chrome.ChromeDriver.<init>(ChromeDriver.java:123)
at com.training.utility.DriverFactory.getDriver(DriverFactory.java:24)
at com.training.sanity.tests.RealEstate_NewLaunch_QueryForm_Test_Complex_RETC_072.setUp(RealEstate_NewLaunch_QueryForm_Test_Complex_RETC_072.java:42)
at sun.reflect.NativeMethodAccessorImpl.invoke0(Native Method)
at sun.reflect.NativeMethodAccessorImpl.invoke(Unknown Source)
at sun.reflect.DelegatingMethodAccessorImpl.invoke(Unknown Source)
at java.lang.reflect.Method.invoke(Unknown Source)
at org.testng.internal.MethodInvocationHelper.invokeMethod(MethodInvocationHelper.java:133)
at org.testng.internal.MethodInvocationHelper.invokeMethodConsideringTimeout(MethodInvocationHelper.java:62)
at org.testng.internal.ConfigInvoker.invokeConfigurationMethod(ConfigInvoker.java:340)
at org.testng.internal.ConfigInvoker.invokeConfigurations(ConfigInvoker.java:294)
at org.testng.internal.TestInvoker.runConfigMethods(TestInvoker.java:683)
at org.testng.internal.TestInvoker.invokeMethod(TestInvoker.java:510)
at org.testng.internal.TestInvoker.invokeTestMethod(TestInvoker.java:172)
at org.testng.internal.MethodRunner.runInSequence(MethodRunner.java:46)
at org.testng.internal.TestInvoker$MethodInvocationAgent.invoke(TestInvoker.java:804)
at org.testng.internal.TestInvoker.invokeTestMethods(TestInvoker.java:145)
at org.testng.internal.TestMethodWorker.invokeTestMethods(TestMethodWorker.java:146)
at org.testng.internal.TestMethodWorker.run(TestMethodWorker.java:128)
at java.util.ArrayList.forEach(Unknown Source)
at org.testng.TestRunner.privateRun(TestRunner.java:770)
at org.testng.TestRunner.run(TestRunner.java:591)
at org.testng.SuiteRunner.runTest(SuiteRunner.java:402)
at org.testng.SuiteRunner.runSequentially(SuiteRunner.java:396)
at org.testng.SuiteRunner.privateRun(SuiteRunner.java:355)
at org.testng.SuiteRunner.run(SuiteRunner.java:304)
at org.testng.SuiteRunnerWorker.runSuite(SuiteRunnerWorker.java:53)
at org.testng.SuiteRunnerWorker.run(SuiteRunnerWorker.java:96)
at org.testng.TestNG.runSuitesSequentially(TestNG.java:1180)
at org.testng.TestNG.runSuitesLocally(TestNG.java:1102)
at org.testng.TestNG.runSuites(TestNG.java:1032)
at org.testng.TestNG.run(TestNG.java:1000)
at org.testng.remote.AbstractRemoteTestNG.run(AbstractRemoteTestNG.java:115)
at org.testng.remote.RemoteTestNG.initAndRun(RemoteTestNG.java:251)
at org.testng.remote.RemoteTestNG.main(RemoteTestNG.java:77)
]]>
            </full-stacktrace>
          </exception> <!-- org.openqa.selenium.SessionNotCreatedException -->
          <reporter-output>
          </reporter-output>
        </test-method> <!-- setUp -->
        <test-method status="SKIP" signature="validLoginTest(java.lang.String, java.lang.String, java.lang.String, java.lang.String)[pri:0, instance:com.training.sanity.tests.RealEstate_NewLaunch_QueryForm_Test_Complex_RETC_072@22a67b4]" name="validLoginTest" duration-ms="0" started-at="2020-03-23T18:04:39 IST" data-provider="form_inputs_neg" finished-at="2020-03-23T18:04:39 IST">
          <exception class="org.openqa.selenium.SessionNotCreatedException">
            <message>
              <![CDATA[session not created
from chrome not reachable
  (Session info: chrome=80.0.3987.149)
Build info: version: '3.6.0', revision: '6fbf3ec767', time: '2017-09-27T15:28:36.4Z'
System info: host: 'DESKTOP-1P6NBCG', ip: '9.85.125.44', os.name: 'Windows 10', os.arch: 'amd64', os.version: '10.0', java.version: '1.8.0_191'
Driver info: driver.version: ChromeDriver
remote stacktrace: Backtrace:
Ordinal0 [0x01160C83+1707139]
Ordinal0 [0x010C68F1+1075441]
Ordinal0 [0x0103DE72+515698]
Ordinal0 [0x01037CA8+490664]
Ordinal0 [0x0103839B+492443]
Ordinal0 [0x010392F5+496373]
Ordinal0 [0x01034F05+478981]
Ordinal0 [0x0103ECA0+519328]
Ordinal0 [0x00FECA67+182887]
Ordinal0 [0x00FEBDDD+179677]
Ordinal0 [0x00FE9D4B+171339]
Ordinal0 [0x00FD1D4A+73034]
Ordinal0 [0x00FD2DC0+77248]
Ordinal0 [0x00FD2D59+77145]
Ordinal0 [0x010DBB67+1162087]
GetHandleVerifier [0x011FA966+508998]
GetHandleVerifier [0x011FA6A4+508292]
GetHandleVerifier [0x0120F7B7+594583]
GetHandleVerifier [0x011FB1D6+511158]
Ordinal0 [0x010D402C+1130540]
Ordinal0 [0x010DD4CB+1168587]
Ordinal0 [0x010DD633+1168947]
Ordinal0 [0x010F5B35+1268533]
BaseThreadInitThunk [0x773C6359+25]
RtlGetAppContainerNamedObjectPath [0x77967B74+228]
RtlGetAppContainerNamedObjectPath [0x77967B44+180]
]]>
            </message>
            <full-stacktrace>
              <![CDATA[org.openqa.selenium.SessionNotCreatedException: session not created
from chrome not reachable
  (Session info: chrome=80.0.3987.149)
Build info: version: '3.6.0', revision: '6fbf3ec767', time: '2017-09-27T15:28:36.4Z'
System info: host: 'DESKTOP-1P6NBCG', ip: '9.85.125.44', os.name: 'Windows 10', os.arch: 'amd64', os.version: '10.0', java.version: '1.8.0_191'
Driver info: driver.version: ChromeDriver
remote stacktrace: Backtrace:
Ordinal0 [0x01160C83+1707139]
Ordinal0 [0x010C68F1+1075441]
Ordinal0 [0x0103DE72+515698]
Ordinal0 [0x01037CA8+490664]
Ordinal0 [0x0103839B+492443]
Ordinal0 [0x010392F5+496373]
Ordinal0 [0x01034F05+478981]
Ordinal0 [0x0103ECA0+519328]
Ordinal0 [0x00FECA67+182887]
Ordinal0 [0x00FEBDDD+179677]
Ordinal0 [0x00FE9D4B+171339]
Ordinal0 [0x00FD1D4A+73034]
Ordinal0 [0x00FD2DC0+77248]
Ordinal0 [0x00FD2D59+77145]
Ordinal0 [0x010DBB67+1162087]
GetHandleVerifier [0x011FA966+508998]
GetHandleVerifier [0x011FA6A4+508292]
GetHandleVerifier [0x0120F7B7+594583]
GetHandleVerifier [0x011FB1D6+511158]
Ordinal0 [0x010D402C+1130540]
Ordinal0 [0x010DD4CB+1168587]
Ordinal0 [0x010DD633+1168947]
Ordinal0 [0x010F5B35+1268533]
BaseThreadInitThunk [0x773C6359+25]
RtlGetAppContainerNamedObjectPath [0x77967B74+228]
RtlGetAppContainerNamedObjectPath [0x77967B44+180]

at sun.reflect.NativeConstructorAccessorImpl.newInstance0(Native Method)
at sun.reflect.NativeConstructorAccessorImpl.newInstance(Unknown Source)
at sun.reflect.DelegatingConstructorAccessorImpl.newInstance(Unknown Source)
at java.lang.reflect.Constructor.newInstance(Unknown Source)
at org.openqa.selenium.remote.W3CHandshakeResponse.lambda$new$0(W3CHandshakeResponse.java:57)
at org.openqa.selenium.remote.W3CHandshakeResponse.lambda$getResponseFunction$2(W3CHandshakeResponse.java:104)
at org.openqa.selenium.remote.ProtocolHandshake.lambda$createSession$24(ProtocolHandshake.java:359)
at java.util.stream.ReferencePipeline$3$1.accept(Unknown Source)
at java.util.Spliterators$ArraySpliterator.tryAdvance(Unknown Source)
at java.util.stream.ReferencePipeline.forEachWithCancel(Unknown Source)
at java.util.stream.AbstractPipeline.copyIntoWithCancel(Unknown Source)
at java.util.stream.AbstractPipeline.copyInto(Unknown Source)
at java.util.stream.AbstractPipeline.wrapAndCopyInto(Unknown Source)
at java.util.stream.FindOps$FindOp.evaluateSequential(Unknown Source)
at java.util.stream.AbstractPipeline.evaluate(Unknown Source)
at java.util.stream.ReferencePipeline.findFirst(Unknown Source)
at org.openqa.selenium.remote.ProtocolHandshake.createSession(ProtocolHandshake.java:362)
at org.openqa.selenium.remote.ProtocolHandshake.createSession(ProtocolHandshake.java:136)
at org.openqa.selenium.remote.HttpCommandExecutor.execute(HttpCommandExecutor.java:142)
at org.openqa.selenium.remote.service.DriverCommandExecutor.execute(DriverCommandExecutor.java:83)
at org.openqa.selenium.remote.RemoteWebDriver.execute(RemoteWebDriver.java:586)
at org.openqa.selenium.remote.RemoteWebDriver.startSession(RemoteWebDriver.java:217)
at org.openqa.selenium.remote.RemoteWebDriver.<init>(RemoteWebDriver.java:140)
at org.openqa.selenium.chrome.ChromeDriver.<init>(ChromeDriver.java:181)
at org.openqa.selenium.chrome.ChromeDriver.<init>(ChromeDriver.java:168)
at org.openqa.selenium.chrome.ChromeDriver.<init>(ChromeDriver.java:123)
at com.training.utility.DriverFactory.getDriver(DriverFactory.java:24)
at com.training.sanity.tests.RealEstate_NewLaunch_QueryForm_Test_Complex_RETC_072.setUp(RealEstate_NewLaunch_QueryForm_Test_Complex_RETC_072.java:42)
at sun.reflect.NativeMethodAccessorImpl.invoke0(Native Method)
at sun.reflect.NativeMethodAccessorImpl.invoke(Unknown Source)
at sun.reflect.DelegatingMethodAccessorImpl.invoke(Unknown Source)
at java.lang.reflect.Method.invoke(Unknown Source)
at org.testng.internal.MethodInvocationHelper.invokeMethod(MethodInvocationHelper.java:133)
at org.testng.internal.MethodInvocationHelper.invokeMethodConsideringTimeout(MethodInvocationHelper.java:62)
at org.testng.internal.ConfigInvoker.invokeConfigurationMethod(ConfigInvoker.java:340)
at org.testng.internal.ConfigInvoker.invokeConfigurations(ConfigInvoker.java:294)
at org.testng.internal.TestInvoker.runConfigMethods(TestInvoker.java:683)
at org.testng.internal.TestInvoker.invokeMethod(TestInvoker.java:510)
at org.testng.internal.TestInvoker.invokeTestMethod(TestInvoker.java:172)
at org.testng.internal.MethodRunner.runInSequence(MethodRunner.java:46)
at org.testng.internal.TestInvoker$MethodInvocationAgent.invoke(TestInvoker.java:804)
at org.testng.internal.TestInvoker.invokeTestMethods(TestInvoker.java:145)
at org.testng.internal.TestMethodWorker.invokeTestMethods(TestMethodWorker.java:146)
at org.testng.internal.TestMethodWorker.run(TestMethodWorker.java:128)
at java.util.ArrayList.forEach(Unknown Source)
at org.testng.TestRunner.privateRun(TestRunner.java:770)
at org.testng.TestRunner.run(TestRunner.java:591)
at org.testng.SuiteRunner.runTest(SuiteRunner.java:402)
at org.testng.SuiteRunner.runSequentially(SuiteRunner.java:396)
at org.testng.SuiteRunner.privateRun(SuiteRunner.java:355)
at org.testng.SuiteRunner.run(SuiteRunner.java:304)
at org.testng.SuiteRunnerWorker.runSuite(SuiteRunnerWorker.java:53)
at org.testng.SuiteRunnerWorker.run(SuiteRunnerWorker.java:96)
at org.testng.TestNG.runSuitesSequentially(TestNG.java:1180)
at org.testng.TestNG.runSuitesLocally(TestNG.java:1102)
at org.testng.TestNG.runSuites(TestNG.java:1032)
at org.testng.TestNG.run(TestNG.java:1000)
at org.testng.remote.AbstractRemoteTestNG.run(AbstractRemoteTestNG.java:115)
at org.testng.remote.RemoteTestNG.initAndRun(RemoteTestNG.java:251)
at org.testng.remote.RemoteTestNG.main(RemoteTestNG.java:77)
]]>
            </full-stacktrace>
          </exception> <!-- org.openqa.selenium.SessionNotCreatedException -->
          <reporter-output>
          </reporter-output>
        </test-method> <!-- validLoginTest -->
        <test-method status="SKIP" signature="tearDown()[pri:0, instance:com.training.sanity.tests.RealEstate_NewLaunch_QueryForm_Test_Complex_RETC_072@22a67b4]" name="tearDown" is-config="true" duration-ms="-1584966879239" started-at="2020-03-23T18:04:39 IST" finished-at="1970-01-01T05:30:00 IST">
          <reporter-output>
          </reporter-output>
        </test-method> <!-- tearDown -->
      </class> <!-- com.training.sanity.tests.RealEstate_NewLaunch_QueryForm_Test_Complex_RETC_072 -->
    </test> <!-- Sample test -->
  </suite> <!-- Sample test Suite -->
</testng-results>
