<?xml version="1.0" encoding="UTF-8"?>
<!-- Generated by org.testng.reporters.JUnitXMLReporter -->
<testsuite hostname="DESKTOP-1P6NBCG" ignored="0" name="Default test" tests="3" failures="0" timestamp="2020-03-20T12:52:11 IST" time="16.777" errors="0">
  <testcase name="@BeforeMethod setUp" time="16.524" classname="com.training.sanity.tests.RealEstate_NewLaunch_QueryForm_Test_Complex_RETC_72">
    <failure type="org.openqa.selenium.SessionNotCreatedException" message="session not created
from chrome not reachable
  (Session info: chrome=80.0.3987.149)
Build info: version: &amp;apos;3.6.0&amp;apos;, revision: &amp;apos;6fbf3ec767&amp;apos;, time: &amp;apos;2017-09-27T15:28:36.4Z&amp;apos;
System info: host: &amp;apos;DESKTOP-1P6NBCG&amp;apos;, ip: &amp;apos;192.168.1.3&amp;apos;, os.name: &amp;apos;Windows 10&amp;apos;, os.arch: &amp;apos;amd64&amp;apos;, os.version: &amp;apos;10.0&amp;apos;, java.version: &amp;apos;1.8.0_191&amp;apos;
Driver info: driver.version: ChromeDriver
remote stacktrace: Backtrace:
	Ordinal0 [0x00EF0C83+1707139]
	Ordinal0 [0x00E568F1+1075441]
	Ordinal0 [0x00DCDE72+515698]
	Ordinal0 [0x00DC7CA8+490664]
	Ordinal0 [0x00DC839B+492443]
	Ordinal0 [0x00DC92F5+496373]
	Ordinal0 [0x00DC4F05+478981]
	Ordinal0 [0x00DCECA0+519328]
	Ordinal0 [0x00D7CA67+182887]
	Ordinal0 [0x00D7BDDD+179677]
	Ordinal0 [0x00D79D4B+171339]
	Ordinal0 [0x00D61D4A+73034]
	Ordinal0 [0x00D62DC0+77248]
	Ordinal0 [0x00D62D59+77145]
	Ordinal0 [0x00E6BB67+1162087]
	GetHandleVerifier [0x00F8A966+508998]
	GetHandleVerifier [0x00F8A6A4+508292]
	GetHandleVerifier [0x00F9F7B7+594583]
	GetHandleVerifier [0x00F8B1D6+511158]
	Ordinal0 [0x00E6402C+1130540]
	Ordinal0 [0x00E6D4CB+1168587]
	Ordinal0 [0x00E6D633+1168947]
	Ordinal0 [0x00E85B35+1268533]
	BaseThreadInitThunk [0x77B76359+25]
	RtlGetAppContainerNamedObjectPath [0x77DD7B74+228]
	RtlGetAppContainerNamedObjectPath [0x77DD7B44+180]
">
      <![CDATA[org.openqa.selenium.SessionNotCreatedException: session not created
from chrome not reachable
  (Session info: chrome=80.0.3987.149)
Build info: version: '3.6.0', revision: '6fbf3ec767', time: '2017-09-27T15:28:36.4Z'
System info: host: 'DESKTOP-1P6NBCG', ip: '192.168.1.3', os.name: 'Windows 10', os.arch: 'amd64', os.version: '10.0', java.version: '1.8.0_191'
Driver info: driver.version: ChromeDriver
remote stacktrace: Backtrace:
Ordinal0 [0x00EF0C83+1707139]
Ordinal0 [0x00E568F1+1075441]
Ordinal0 [0x00DCDE72+515698]
Ordinal0 [0x00DC7CA8+490664]
Ordinal0 [0x00DC839B+492443]
Ordinal0 [0x00DC92F5+496373]
Ordinal0 [0x00DC4F05+478981]
Ordinal0 [0x00DCECA0+519328]
Ordinal0 [0x00D7CA67+182887]
Ordinal0 [0x00D7BDDD+179677]
Ordinal0 [0x00D79D4B+171339]
Ordinal0 [0x00D61D4A+73034]
Ordinal0 [0x00D62DC0+77248]
Ordinal0 [0x00D62D59+77145]
Ordinal0 [0x00E6BB67+1162087]
GetHandleVerifier [0x00F8A966+508998]
GetHandleVerifier [0x00F8A6A4+508292]
GetHandleVerifier [0x00F9F7B7+594583]
GetHandleVerifier [0x00F8B1D6+511158]
Ordinal0 [0x00E6402C+1130540]
Ordinal0 [0x00E6D4CB+1168587]
Ordinal0 [0x00E6D633+1168947]
Ordinal0 [0x00E85B35+1268533]
BaseThreadInitThunk [0x77B76359+25]
RtlGetAppContainerNamedObjectPath [0x77DD7B74+228]
RtlGetAppContainerNamedObjectPath [0x77DD7B44+180]

at sun.reflect.NativeConstructorAccessorImpl.newInstance0(Native Method)
at sun.reflect.NativeConstructorAccessorImpl.newInstance(Unknown Source)
at sun.reflect.DelegatingConstructorAccessorImpl.newInstance(Unknown Source)
at java.lang.reflect.Constructor.newInstance(Unknown Source)
at org.openqa.selenium.remote.W3CHandshakeResponse.lambda$new$0(W3CHandshakeResponse.java:57)
at org.openqa.selenium.remote.W3CHandshakeResponse.lambda$getResponseFunction$2(W3CHandshakeResponse.java:104)
at org.openqa.selenium.remote.ProtocolHandshake.lambda$createSession$24(ProtocolHandshake.java:359)
at java.util.stream.ReferencePipeline$3$1.accept(Unknown Source)
at java.util.Spliterators$ArraySpliterator.tryAdvance(Unknown Source)
at java.util.stream.ReferencePipeline.forEachWithCancel(Unknown Source)
at java.util.stream.AbstractPipeline.copyIntoWithCancel(Unknown Source)
at java.util.stream.AbstractPipeline.copyInto(Unknown Source)
at java.util.stream.AbstractPipeline.wrapAndCopyInto(Unknown Source)
at java.util.stream.FindOps$FindOp.evaluateSequential(Unknown Source)
at java.util.stream.AbstractPipeline.evaluate(Unknown Source)
at java.util.stream.ReferencePipeline.findFirst(Unknown Source)
at org.openqa.selenium.remote.ProtocolHandshake.createSession(ProtocolHandshake.java:362)
at org.openqa.selenium.remote.ProtocolHandshake.createSession(ProtocolHandshake.java:136)
at org.openqa.selenium.remote.HttpCommandExecutor.execute(HttpCommandExecutor.java:142)
at org.openqa.selenium.remote.service.DriverCommandExecutor.execute(DriverCommandExecutor.java:83)
at org.openqa.selenium.remote.RemoteWebDriver.execute(RemoteWebDriver.java:586)
at org.openqa.selenium.remote.RemoteWebDriver.startSession(RemoteWebDriver.java:217)
at org.openqa.selenium.remote.RemoteWebDriver.<init>(RemoteWebDriver.java:140)
at org.openqa.selenium.chrome.ChromeDriver.<init>(ChromeDriver.java:181)
at org.openqa.selenium.chrome.ChromeDriver.<init>(ChromeDriver.java:168)
at org.openqa.selenium.chrome.ChromeDriver.<init>(ChromeDriver.java:123)
at com.training.utility.DriverFactory.getDriver(DriverFactory.java:24)
at com.training.sanity.tests.RealEstate_NewLaunch_QueryForm_Test_Complex_RETC_72.setUp(RealEstate_NewLaunch_QueryForm_Test_Complex_RETC_72.java:41)
at sun.reflect.NativeMethodAccessorImpl.invoke0(Native Method)
at sun.reflect.NativeMethodAccessorImpl.invoke(Unknown Source)
at sun.reflect.DelegatingMethodAccessorImpl.invoke(Unknown Source)
at java.lang.reflect.Method.invoke(Unknown Source)
at org.testng.internal.MethodInvocationHelper.invokeMethod(MethodInvocationHelper.java:133)
at org.testng.internal.MethodInvocationHelper.invokeMethodConsideringTimeout(MethodInvocationHelper.java:62)
at org.testng.internal.ConfigInvoker.invokeConfigurationMethod(ConfigInvoker.java:340)
at org.testng.internal.ConfigInvoker.invokeConfigurations(ConfigInvoker.java:294)
at org.testng.internal.TestInvoker.runConfigMethods(TestInvoker.java:683)
at org.testng.internal.TestInvoker.invokeMethod(TestInvoker.java:510)
at org.testng.internal.TestInvoker.invokeTestMethod(TestInvoker.java:172)
at org.testng.internal.MethodRunner.runInSequence(MethodRunner.java:46)
at org.testng.internal.TestInvoker$MethodInvocationAgent.invoke(TestInvoker.java:804)
at org.testng.internal.TestInvoker.invokeTestMethods(TestInvoker.java:145)
at org.testng.internal.TestMethodWorker.invokeTestMethods(TestMethodWorker.java:146)
at org.testng.internal.TestMethodWorker.run(TestMethodWorker.java:128)
at java.util.ArrayList.forEach(Unknown Source)
at org.testng.TestRunner.privateRun(TestRunner.java:770)
at org.testng.TestRunner.run(TestRunner.java:591)
at org.testng.SuiteRunner.runTest(SuiteRunner.java:402)
at org.testng.SuiteRunner.runSequentially(SuiteRunner.java:396)
at org.testng.SuiteRunner.privateRun(SuiteRunner.java:355)
at org.testng.SuiteRunner.run(SuiteRunner.java:304)
at org.testng.SuiteRunnerWorker.runSuite(SuiteRunnerWorker.java:53)
at org.testng.SuiteRunnerWorker.run(SuiteRunnerWorker.java:96)
at org.testng.TestNG.runSuitesSequentially(TestNG.java:1180)
at org.testng.TestNG.runSuitesLocally(TestNG.java:1102)
at org.testng.TestNG.runSuites(TestNG.java:1032)
at org.testng.TestNG.run(TestNG.java:1000)
at org.testng.remote.AbstractRemoteTestNG.run(AbstractRemoteTestNG.java:115)
at org.testng.remote.RemoteTestNG.initAndRun(RemoteTestNG.java:251)
at org.testng.remote.RemoteTestNG.main(RemoteTestNG.java:77)
]]>
    </failure>
  </testcase> <!-- @BeforeMethod setUp -->
  <testcase name="@AfterMethod tearDown" time="-1.584688931779E9" classname="com.training.sanity.tests.RealEstate_NewLaunch_QueryForm_Test_Complex_RETC_72">
    <skipped/>
  </testcase> <!-- @AfterMethod tearDown -->
  <testcase name="@BeforeMethod setUp" time="-1.584688931782E9" classname="com.training.sanity.tests.RealEstate_NewLaunch_QueryForm_Test_Complex_RETC_72">
    <skipped/>
  </testcase> <!-- @BeforeMethod setUp -->
  <testcase name="@AfterMethod tearDown" time="-1.584688931792E9" classname="com.training.sanity.tests.RealEstate_NewLaunch_QueryForm_Test_Complex_RETC_72">
    <skipped/>
  </testcase> <!-- @AfterMethod tearDown -->
  <testcase name="@BeforeMethod setUp" time="-1.584688931795E9" classname="com.training.sanity.tests.RealEstate_NewLaunch_QueryForm_Test_Complex_RETC_72">
    <skipped/>
  </testcase> <!-- @BeforeMethod setUp -->
  <testcase name="@AfterMethod tearDown" time="-1.584688931807E9" classname="com.training.sanity.tests.RealEstate_NewLaunch_QueryForm_Test_Complex_RETC_72">
    <skipped/>
  </testcase> <!-- @AfterMethod tearDown -->
  <testcase name="validLoginTest" time="0.0" classname="com.training.sanity.tests.RealEstate_NewLaunch_QueryForm_Test_Complex_RETC_72">
    <skipped/>
  </testcase> <!-- validLoginTest -->
  <testcase name="validLoginTest" time="0.0" classname="com.training.sanity.tests.RealEstate_NewLaunch_QueryForm_Test_Complex_RETC_72">
    <skipped/>
  </testcase> <!-- validLoginTest -->
  <testcase name="validLoginTest" time="0.0" classname="com.training.sanity.tests.RealEstate_NewLaunch_QueryForm_Test_Complex_RETC_72">
    <skipped/>
  </testcase> <!-- validLoginTest -->
</testsuite> <!-- Default test -->
