<?xml version="1.0" encoding="UTF-8"?>
<!-- Generated by org.testng.reporters.JUnitXMLReporter -->
<testsuite hostname="DESKTOP-1P6NBCG" ignored="0" name="Sample test" tests="3" failures="0" timestamp="2020-03-23T18:04:39 IST" time="80.443" errors="0">
  <testcase name="@BeforeMethod setUp" time="15.97" classname="com.training.sanity.tests.RealEstate_NewLaunch_QueryForm_Test_Complex_RETC_072">
    <failure type="org.openqa.selenium.SessionNotCreatedException" message="session not created
from chrome not reachable
  (Session info: chrome=80.0.3987.149)
Build info: version: &amp;apos;3.6.0&amp;apos;, revision: &amp;apos;6fbf3ec767&amp;apos;, time: &amp;apos;2017-09-27T15:28:36.4Z&amp;apos;
System info: host: &amp;apos;DESKTOP-1P6NBCG&amp;apos;, ip: &amp;apos;9.85.125.44&amp;apos;, os.name: &amp;apos;Windows 10&amp;apos;, os.arch: &amp;apos;amd64&amp;apos;, os.version: &amp;apos;10.0&amp;apos;, java.version: &amp;apos;1.8.0_191&amp;apos;
Driver info: driver.version: ChromeDriver
remote stacktrace: Backtrace:
	Ordinal0 [0x01160C83+1707139]
	Ordinal0 [0x010C68F1+1075441]
	Ordinal0 [0x0103DE72+515698]
	Ordinal0 [0x01037CA8+490664]
	Ordinal0 [0x0103839B+492443]
	Ordinal0 [0x010392F5+496373]
	Ordinal0 [0x01034F05+478981]
	Ordinal0 [0x0103ECA0+519328]
	Ordinal0 [0x00FECA67+182887]
	Ordinal0 [0x00FEBDDD+179677]
	Ordinal0 [0x00FE9D4B+171339]
	Ordinal0 [0x00FD1D4A+73034]
	Ordinal0 [0x00FD2DC0+77248]
	Ordinal0 [0x00FD2D59+77145]
	Ordinal0 [0x010DBB67+1162087]
	GetHandleVerifier [0x011FA966+508998]
	GetHandleVerifier [0x011FA6A4+508292]
	GetHandleVerifier [0x0120F7B7+594583]
	GetHandleVerifier [0x011FB1D6+511158]
	Ordinal0 [0x010D402C+1130540]
	Ordinal0 [0x010DD4CB+1168587]
	Ordinal0 [0x010DD633+1168947]
	Ordinal0 [0x010F5B35+1268533]
	BaseThreadInitThunk [0x773C6359+25]
	RtlGetAppContainerNamedObjectPath [0x77967B74+228]
	RtlGetAppContainerNamedObjectPath [0x77967B44+180]
">
      <![CDATA[org.openqa.selenium.SessionNotCreatedException: session not created
from chrome not reachable
  (Session info: chrome=80.0.3987.149)
Build info: version: '3.6.0', revision: '6fbf3ec767', time: '2017-09-27T15:28:36.4Z'
System info: host: 'DESKTOP-1P6NBCG', ip: '9.85.125.44', os.name: 'Windows 10', os.arch: 'amd64', os.version: '10.0', java.version: '1.8.0_191'
Driver info: driver.version: ChromeDriver
remote stacktrace: Backtrace:
Ordinal0 [0x01160C83+1707139]
Ordinal0 [0x010C68F1+1075441]
Ordinal0 [0x0103DE72+515698]
Ordinal0 [0x01037CA8+490664]
Ordinal0 [0x0103839B+492443]
Ordinal0 [0x010392F5+496373]
Ordinal0 [0x01034F05+478981]
Ordinal0 [0x0103ECA0+519328]
Ordinal0 [0x00FECA67+182887]
Ordinal0 [0x00FEBDDD+179677]
Ordinal0 [0x00FE9D4B+171339]
Ordinal0 [0x00FD1D4A+73034]
Ordinal0 [0x00FD2DC0+77248]
Ordinal0 [0x00FD2D59+77145]
Ordinal0 [0x010DBB67+1162087]
GetHandleVerifier [0x011FA966+508998]
GetHandleVerifier [0x011FA6A4+508292]
GetHandleVerifier [0x0120F7B7+594583]
GetHandleVerifier [0x011FB1D6+511158]
Ordinal0 [0x010D402C+1130540]
Ordinal0 [0x010DD4CB+1168587]
Ordinal0 [0x010DD633+1168947]
Ordinal0 [0x010F5B35+1268533]
BaseThreadInitThunk [0x773C6359+25]
RtlGetAppContainerNamedObjectPath [0x77967B74+228]
RtlGetAppContainerNamedObjectPath [0x77967B44+180]

at org.openqa.selenium.remote.W3CHandshakeResponse.lambda$new$0(W3CHandshakeResponse.java:57)
at org.openqa.selenium.remote.W3CHandshakeResponse.lambda$getResponseFunction$2(W3CHandshakeResponse.java:104)
at org.openqa.selenium.remote.ProtocolHandshake.lambda$createSession$24(ProtocolHandshake.java:359)
at java.util.stream.ReferencePipeline$3$1.accept(Unknown Source)
at java.util.Spliterators$ArraySpliterator.tryAdvance(Unknown Source)
at java.util.stream.ReferencePipeline.forEachWithCancel(Unknown Source)
at java.util.stream.AbstractPipeline.copyIntoWithCancel(Unknown Source)
at java.util.stream.AbstractPipeline.copyInto(Unknown Source)
at java.util.stream.AbstractPipeline.wrapAndCopyInto(Unknown Source)
at java.util.stream.FindOps$FindOp.evaluateSequential(Unknown Source)
at java.util.stream.AbstractPipeline.evaluate(Unknown Source)
at java.util.stream.ReferencePipeline.findFirst(Unknown Source)
at org.openqa.selenium.remote.ProtocolHandshake.createSession(ProtocolHandshake.java:362)
at org.openqa.selenium.remote.ProtocolHandshake.createSession(ProtocolHandshake.java:136)
at org.openqa.selenium.remote.HttpCommandExecutor.execute(HttpCommandExecutor.java:142)
at org.openqa.selenium.remote.service.DriverCommandExecutor.execute(DriverCommandExecutor.java:83)
at org.openqa.selenium.remote.RemoteWebDriver.execute(RemoteWebDriver.java:586)
at org.openqa.selenium.remote.RemoteWebDriver.startSession(RemoteWebDriver.java:217)
at org.openqa.selenium.remote.RemoteWebDriver.<init>(RemoteWebDriver.java:140)
at org.openqa.selenium.chrome.ChromeDriver.<init>(ChromeDriver.java:181)
at org.openqa.selenium.chrome.ChromeDriver.<init>(ChromeDriver.java:168)
at org.openqa.selenium.chrome.ChromeDriver.<init>(ChromeDriver.java:123)
at com.training.utility.DriverFactory.getDriver(DriverFactory.java:24)
at com.training.sanity.tests.RealEstate_NewLaunch_QueryForm_Test_Complex_RETC_072.setUp(RealEstate_NewLaunch_QueryForm_Test_Complex_RETC_072.java:42)
at java.util.ArrayList.forEach(Unknown Source)
... Removed 35 stack frames]]>
    </failure>
  </testcase> <!-- @BeforeMethod setUp -->
  <testcase name="@AfterMethod tearDown" time="-1.584966879239E9" classname="com.training.sanity.tests.RealEstate_NewLaunch_QueryForm_Test_Complex_RETC_072">
    <skipped/>
  </testcase> <!-- @AfterMethod tearDown -->
  <testcase name="validLoginTest" time="6.113" classname="com.training.sanity.tests.RealEstate_NewLaunch_QueryForm_Test_Complex_RETC_072"/>
  <testcase name="validLoginTest" time="6.855" classname="com.training.sanity.tests.RealEstate_NewLaunch_QueryForm_Test_Complex_RETC_072"/>
  <testcase name="validLoginTest" time="0.0" classname="com.training.sanity.tests.RealEstate_NewLaunch_QueryForm_Test_Complex_RETC_072">
    <skipped/>
  </testcase> <!-- validLoginTest -->
</testsuite> <!-- Sample test -->
